0 info it worked if it ends with ok
1 verbose cli [ 'node', '/usr/local/bin/npm', 'start' ]
2 info using npm@3.8.6
3 info using node@v0.10.15
4 verbose run-script [ 'prestart', 'start', 'poststart' ]
5 info lifecycle max-test-webworkify@0.0.0~prestart: max-test-webworkify@0.0.0
6 silly lifecycle max-test-webworkify@0.0.0~prestart: no script for prestart, continuing
7 info lifecycle max-test-webworkify@0.0.0~start: max-test-webworkify@0.0.0
8 verbose lifecycle max-test-webworkify@0.0.0~start: unsafe-perm in lifecycle true
9 verbose lifecycle max-test-webworkify@0.0.0~start: PATH: /usr/local/lib/node_modules/npm/bin/node-gyp-bin:/home/max/mapbox/test_mapbox_gl_js/test_webworkify/my_test/node_modules/.bin:/usr/local/bin:/usr/lib/postgresql/9.3/bin:/opt/qt55/bin:/opt/ros/indigo/bin:/usr/local/sbin:/usr/local/bin:/usr/sbin:/usr/bin:/sbin:/bin:/usr/games:/usr/local/games:/home/max/nutonomy/nuCore/build/nucore/bin:/home/max/nutonomy/nuCore/build/lcm/bin:/home/max/nutonomy/nuCore/build/libbot/bin
10 verbose lifecycle max-test-webworkify@0.0.0~start: CWD: /home/max/mapbox/test_mapbox_gl_js/test_webworkify/my_test
11 silly lifecycle max-test-webworkify@0.0.0~start: Args: [ '-c', 'node main.js' ]
12 silly lifecycle max-test-webworkify@0.0.0~start: Returned: code: 8  signal: null
13 info lifecycle max-test-webworkify@0.0.0~start: Failed to exec start script
14 verbose stack Error: max-test-webworkify@0.0.0 start: `node main.js`
14 verbose stack Exit status 8
14 verbose stack     at EventEmitter.<anonymous> (/usr/local/lib/node_modules/npm/lib/utils/lifecycle.js:239:16)
14 verbose stack     at EventEmitter.emit (events.js:98:17)
14 verbose stack     at ChildProcess.<anonymous> (/usr/local/lib/node_modules/npm/lib/utils/spawn.js:24:14)
14 verbose stack     at ChildProcess.EventEmitter.emit (events.js:98:17)
14 verbose stack     at maybeClose (child_process.js:735:16)
14 verbose stack     at Process.ChildProcess._handle.onexit (child_process.js:802:5)
15 verbose pkgid max-test-webworkify@0.0.0
16 verbose cwd /home/max/mapbox/test_mapbox_gl_js/test_webworkify/my_test/js
17 error Linux 3.13.0-61-generic
18 error argv "node" "/usr/local/bin/npm" "start"
19 error node v0.10.15
20 error npm  v3.8.6
21 error code ELIFECYCLE
22 error max-test-webworkify@0.0.0 start: `node main.js`
22 error Exit status 8
23 error Failed at the max-test-webworkify@0.0.0 start script 'node main.js'.
23 error Make sure you have the latest version of node.js and npm installed.
23 error If you do, this is most likely a problem with the max-test-webworkify package,
23 error not with npm itself.
23 error Tell the author that this fails on your system:
23 error     node main.js
23 error You can get information on how to open an issue for this project with:
23 error     npm bugs max-test-webworkify
23 error Or if that isn't available, you can get their info via:
23 error     npm owner ls max-test-webworkify
23 error There is likely additional logging output above.
24 verbose exit [ 1, true ]
